Build started 23/06/2015 21:07:54.
     1>Project "D:\visual studio 2013\Projects\mortalKombat 19.6.15\mortalKombat 19.6.15\mortalKombat 19.6.15.vcxproj" on node 2 (Build target(s)).
     1>C:\Program Files (x86)\MSBuild\Microsoft.Cpp\v4.0\V120\Microsoft.CppBuild.targets(381,5): warning MSB8028: The intermediate directory (Debug\) contains files shared from another project (Mortal Kombat 3.vcxproj).  This can lead to incorrect clean and rebuild behavior.
     1>ClCompile:
         D:\visual studio\VC\bin\CL.exe /c /ZI /nologo /W3 /WX- /sdl /Od /Oy- /D WIN32 /D _DEBUG /D _WINDOWS /D _UNICODE /D UNICODE /Gm /EHsc /RTC1 /MDd /GS /fp:precise /Zc:wchar_t /Zc:forScope /Fo"Debug\\" /Fd"Debug\vc120.pdb" /Gd /TP /analyze- /errorReport:prompt Controller.cpp Menu\MainMenu.cpp Menu\MenuButtons\Start.cpp main.cpp
         Controller.cpp
     1>d:\visual studio 2013\projects\mortalkombat 19.6.15\mortalkombat 19.6.15\controller.cpp(55): warning C4244: 'initializing' : conversion from 'std::chrono::system_clock::rep' to 'unsigned int', possible loss of data
     1>d:\visual studio 2013\projects\mortalkombat 19.6.15\mortalkombat 19.6.15\controller.cpp(143): warning C4244: 'argument' : conversion from 'unsigned int' to 'float', possible loss of data
     1>d:\visual studio 2013\projects\mortalkombat 19.6.15\mortalkombat 19.6.15\controller.cpp(144): warning C4244: 'initializing' : conversion from 'float' to 'int', possible loss of data
     1>d:\visual studio 2013\projects\mortalkombat 19.6.15\mortalkombat 19.6.15\controller.cpp(145): warning C4244: 'initializing' : conversion from 'float' to 'int', possible loss of data
     1>d:\visual studio 2013\projects\mortalkombat 19.6.15\mortalkombat 19.6.15\controller.cpp(149): warning C4305: 'initializing' : truncation from 'double' to 'float'
         Generating Code...
         Skipping... (no relevant changes detected)
         main.cpp
         Start.cpp
         MainMenu.cpp
       Link:
         D:\visual studio\VC\bin\link.exe /ERRORREPORT:PROMPT /OUT:"D:\visual studio 2013\Projects\mortalKombat 19.6.15\Debug\mortalKombat 19.6.15.exe" /INCREMENTAL /NOLOGO "sfml-graphics-d.lib" "sfml-main-d.lib" "sfml-system-d.lib" "sfml-window-d.lib" "sfml-audio-d.lib" kernel32.lib user32.lib gdi32.lib winspool.lib comdlg32.lib advapi32.lib shell32.lib ole32.lib oleaut32.lib uuid.lib odbc32.lib odbccp32.lib /MANIFEST /MANIFESTUAC:"level='asInvoker' uiAccess='false'" /manifest:embed /DEBUG /PDB:"D:\visual studio 2013\Projects\mortalKombat 19.6.15\Debug\mortalKombat 19.6.15.pdb" /SUBSYSTEM:WINDOWS /TLBID:1 /DYNAMICBASE /NXCOMPAT /IMPLIB:"D:\visual studio 2013\Projects\mortalKombat 19.6.15\Debug\mortalKombat 19.6.15.lib" /MACHINE:X86 Debug\Controller.obj
         Debug\Decision.obj
         Debug\DistanceDecision.obj
         Debug\JumpDecision.obj
         Debug\JumpDistanceDecision.obj
         Debug\OpponentBlockDecision.obj
         Debug\OpponentDuckDecision.obj
         Debug\OpponentLifeDecision.obj
         Debug\OpponentStandDecision.obj
         Debug\Difficulty.obj
         Debug\DifficultyEasy.obj
         Debug\DifficultyHard.obj
         Debug\DifficultyMedium.obj
         Debug\AttackExecute.obj
         Debug\BlockGenerator.obj
         Debug\Duckattack.obj
         Debug\Execute.obj
         Debug\ExecuteThreeParameters.obj
         Debug\ExecuteTwoParameters.obj
         Debug\GetcloserSpecial.obj
         Debug\GetcloserStand.obj
         Debug\GetcloserStandBackaway.obj
         Debug\Jumpattack.obj
         Debug\JumpStand.obj
         Debug\JumpStandBackaway.obj
         Debug\JumpStandSpecial.obj
         Debug\RandomAttack.obj
         Debug\StandBackawayDuckattack.obj
         Debug\UpperAttack.obj
         Debug\TreeNode.obj
         Debug\AttackMove.obj
         Debug\Defeat.obj
         Debug\DuckBlock.obj
         Debug\DuckHighPunch.obj
         Debug\Ducking.obj
         Debug\DuckKick.obj
         Debug\DuckLowPunch.obj
         Debug\InjuryDuck.obj
         Debug\InjuryJump.obj
         Debug\InjuryMove.obj
         Debug\InjuryStand.obj
         Debug\JumpKick.obj
         Debug\JumpMove.obj
         Debug\JumpPunch.obj
         Debug\JumpSide.obj
         Debug\Move.obj
         Debug\MovePosition.obj
         Debug\SpecialMove.obj
         Debug\HighKick.obj
         Debug\HighPunch.obj
         Debug\LowKick.obj
         Debug\LowPunch.obj
         Debug\Stand.obj
         Debug\StandBlock.obj
         Debug\Walking.obj
         Debug\Victory.obj
         Debug\CharacterSkill.obj
         Debug\CharacterSkillKitana.obj
         Debug\CharacterSkillLiuKang.obj
         Debug\CharacterSkillSonya.obj
         Debug\CharacterSkillSubZero.obj
         Debug\ComputerPlayer.obj
         Debug\HumanPlayer.obj
         Debug\Player.obj
         Debug\specialObject.obj
         Debug\State.obj
         Debug\StatusBar.obj
         Debug\main.obj
         Debug\Button.obj
         Debug\CharacterButton.obj
         Debug\MainMenu.obj
         Debug\Credit.obj
         Debug\MenuButton.obj
         Debug\Start.obj
         Debug\characterSingleton.obj
         Debug\GeneralSingleton.obj
         Debug\ImageSingelton.obj
         mortalKombat 19.6.15.vcxproj -> D:\visual studio 2013\Projects\mortalKombat 19.6.15\Debug\mortalKombat 19.6.15.exe
     1>Done Building Project "D:\visual studio 2013\Projects\mortalKombat 19.6.15\mortalKombat 19.6.15\mortalKombat 19.6.15.vcxproj" (Build target(s)).

Build succeeded.

Time Elapsed 00:00:07.25
